#
# There is insufficient memory for the Java Runtime Environment to continue.
# Native memory allocation (mmap) failed to map 260046848 bytes. Error detail: G1 virtual space
# Possible reasons:
#   The system is out of physical RAM or swap space
#   This process is running with CompressedOops enabled, and the Java Heap may be blocking the growth of the native heap
# Possible solutions:
#   Reduce memory load on the system
#   Increase physical memory or swap space
#   Check if swap backing store is full
#   Decrease Java heap size (-Xmx/-Xms)
#   Decrease number of Java threads
#   Decrease Java thread stack sizes (-Xss)
#   Set larger code cache with -XX:ReservedCodeCacheSize=
#   JVM is running with Zero Based Compressed Oops mode in which the Java heap is
#     placed in the first 32GB address space. The Java Heap base address is the
#     maximum limit for the native heap growth. Please use -XX:HeapBaseMinAddress
#     to set the Java Heap base and to place the Java Heap above 32GB virtual address.
# This output file may be truncated or incomplete.
#
#  Out of Memory Error (os_windows.cpp:3707), pid=6220, tid=26076
#
# JRE version:  (23.0.2+7) (build )
# Java VM: OpenJDK 64-Bit Server VM (23.0.2+7-FR, mixed mode, emulated-client, sharing, tiered, compressed oops, compressed class ptrs, g1 gc, windows-amd64)
# No core dump will be written. Minidumps are not enabled by default on client versions of Windows
#

---------------  S U M M A R Y ------------

Command Line: -XX:TieredStopAtLevel=1 -Dspring.output.ansi.enabled=always -Dcom.sun.management.jmxremote -Dspring.jmx.enabled=true -Dspring.liveBeansView.mbeanDomain -Dspring.application.admin.enabled=true -Dmanagement.endpoints.jmx.exposure.include=* -javaagent:D:\IntelliJ\IntelliJ IDEA 2025.1.2\lib\idea_rt.jar=57984 -Dfile.encoding=UTF-8 -Dsun.stdout.encoding=UTF-8 -Dsun.stderr.encoding=UTF-8 iuh.fit.GiapVietHoang_22659371_SpringDataJDBC.GiapVietHoang22659371SpringDataJdbcApplication

Host: AMD Ryzen 5 5600H with Radeon Graphics         , 12 cores, 15G,  Windows 11 , 64 bit Build 26100 (10.0.26100.4484)
Time: Fri Oct  3 13:57:13 2025 SE Asia Standard Time elapsed time: 0.022055 seconds (0d 0h 0m 0s)

---------------  T H R E A D  ---------------

Current thread (0x000001cf50f2afb0):  JavaThread "Unknown thread" [_thread_in_vm, id=26076, stack(0x000000c00dc00000,0x000000c00dd00000) (1024K)]

Stack: [0x000000c00dc00000,0x000000c00dd00000]
Native frames: (J=compiled Java code, j=interpreted, Vv=VM code, C=native code)
V  [jvm.dll+0x6f3b69]  (no source info available)
V  [jvm.dll+0x8e5d05]  (no source info available)
V  [jvm.dll+0x8e7fbe]  (no source info available)
V  [jvm.dll+0x8e86a3]  (no source info available)
V  [jvm.dll+0x285ee6]  (no source info available)
V  [jvm.dll+0x6f03c5]  (no source info available)
V  [jvm.dll+0x6e3dba]  (no source info available)
V  [jvm.dll+0x36a35b]  (no source info available)
V  [jvm.dll+0x372796]  (no source info available)
V  [jvm.dll+0x35ee56]  (no source info available)
V  [jvm.dll+0x35f118]  (no source info available)
V  [jvm.dll+0x336cfc]  (no source info available)
V  [jvm.dll+0x337afe]  (no source info available)
V  [jvm.dll+0x8aab65]  (no source info available)
V  [jvm.dll+0x3c89d8]  (no source info available)
V  [jvm.dll+0x8938ec]  (no source info available)
V  [jvm.dll+0x46246e]  (no source info available)
V  [jvm.dll+0x4642b1]  (no source info available)
C  [jli.dll+0x52ab]  (no source info available)
C  [ucrtbase.dll+0x37b0]  (no source info available)
C  [KERNEL32.DLL+0x2e8d7]  (no source info available)
C  [ntdll.dll+0x3c34c]  (no source info available)

Lock stack of current Java thread (top to bottom):


---------------  P R O C E S S  ---------------

Threads class SMR info:
_java_thread_list=0x00007ff86da44ad8, length=0, elements={
}

Java Threads: ( => current thread )
Total: 0

Other Threads:
  0x000001cf50f90cb0 WorkerThread "GC Thread#0"                     [id=26132, stack(0x000000c00dd00000,0x000000c00de00000) (1024K)]
  0x000001cf50fbeb40 ConcurrentGCThread "G1 Main Marker"            [id=17308, stack(0x000000c00de00000,0x000000c00df00000) (1024K)]
  0x000001cf50fc1470 WorkerThread "G1 Conc#0"                       [id=26112, stack(0x000000c00df00000,0x000000c00e000000) (1024K)]

[error occurred during error reporting (printing all threads), id 0xc0000005, EXCEPTION_ACCESS_VIOLATION (0xc0000005) at pc=0x00007ff86d11b0da]
VM state: not at safepoint (not fully initialized)

VM Mutex/Monitor currently owned by a thread:  ([mutex/lock_event])
[0x00007ff86dac7dd8] Heap_lock - owner thread: 0x000001cf50f2afb0

Heap address: 0x0000000709c00000, size: 3940 MB, Compressed Oops mode: Zero based, Oop shift amount: 3

CDS archive(s) mapped at: [0x0000000000000000-0x0000000000000000-0x0000000000000000), size 0, SharedBaseAddress: 0x0000000800000000, ArchiveRelocationMode: 1.
Narrow klass base: 0x0000000000000000, Narrow klass shift: 0, Narrow klass range: 0x0

GC Precious Log:
 CardTable entry size: 512
 Card Set container configuration: InlinePtr #cards 4 size 8 Array Of Cards #cards 16 size 48 Howl #buckets 8 coarsen threshold 3686 Howl Bitmap #cards 512 size 80 coarsen threshold 460 Card regions per heap region 1 cards per card region 4096

Heap:
 garbage-first heap   total reserved 4034560K, committed 0K, used 0K [0x0000000709c00000, 0x0000000800000000)
  region size 2048K, 0 young (0K), 0 survivors (0K)

[error occurred during error reporting (printing heap information), id 0xc0000005, EXCEPTION_ACCESS_VIOLATION (0xc0000005) at pc=0x00007ff86d5201c9]
GC Heap History (0 events):
No events

Dll operation events (1 events):
Event: 0.016 Loaded shared library C:\Users\Hoang\.jdks\corretto-23.0.2\bin\java.dll

Deoptimization events (0 events):
No events

Classes loaded (0 events):
No events

Classes unloaded (0 events):
No events

Classes redefined (0 events):
No events

Internal exceptions (0 events):
No events

VM Operations (0 events):
No events

Memory protections (0 events):
No events

Nmethod flushes (0 events):
No events

Events (0 events):
No events


Dynamic libraries:
0x00007ff79ea50000 - 0x00007ff79ea5e000 	C:\Users\Hoang\.jdks\corretto-23.0.2\bin\java.exe
0x00007ff93a640000 - 0x00007ff93a8a8000 	C:\WINDOWS\SYSTEM32\ntdll.dll
0x00007ff939f00000 - 0x00007ff939fc9000 	C:\WINDOWS\System32\KERNEL32.DLL
0x00007ff937ea0000 - 0x00007ff93828d000 	C:\WINDOWS\System32\KERNELBASE.dll
0x00007ff937cc0000 - 0x00007ff937e0b000 	C:\WINDOWS\System32\ucrtbase.dll
0x00007ff91b9c0000 - 0x00007ff91b9db000 	C:\Users\Hoang\.jdks\corretto-23.0.2\bin\VCRUNTIME140.dll
0x00007ff9229f0000 - 0x00007ff922a07000 	C:\Users\Hoang\.jdks\corretto-23.0.2\bin\jli.dll
0x00007ff93a140000 - 0x00007ff93a30c000 	C:\WINDOWS\System32\USER32.dll
0x00007ff9204f0000 - 0x00007ff92078a000 	C:\WINDOWS\WinSxS\amd64_microsoft.windows.common-controls_6595b64144ccf1df_6.0.26100.4484_none_3e0e6d4ce32ef3b3\COMCTL32.dll
0x00007ff9378d0000 - 0x00007ff9378f7000 	C:\WINDOWS\System32\win32u.dll
0x00007ff93a420000 - 0x00007ff93a4c9000 	C:\WINDOWS\System32\msvcrt.dll
0x00007ff938960000 - 0x00007ff93898b000 	C:\WINDOWS\System32\GDI32.dll
0x00007ff937790000 - 0x00007ff9378c7000 	C:\WINDOWS\System32\gdi32full.dll
0x00007ff938290000 - 0x00007ff938333000 	C:\WINDOWS\System32\msvcp_win.dll
0x00007ff939ec0000 - 0x00007ff939eef000 	C:\WINDOWS\System32\IMM32.DLL
0x00007ff927320000 - 0x00007ff92732c000 	C:\Users\Hoang\.jdks\corretto-23.0.2\bin\vcruntime140_1.dll
0x00007ff912520000 - 0x00007ff9125ad000 	C:\Users\Hoang\.jdks\corretto-23.0.2\bin\msvcp140.dll
0x00007ff86cdd0000 - 0x00007ff86dba8000 	C:\Users\Hoang\.jdks\corretto-23.0.2\bin\server\jvm.dll
0x00007ff939c00000 - 0x00007ff939cb4000 	C:\WINDOWS\System32\ADVAPI32.dll
0x00007ff93a370000 - 0x00007ff93a416000 	C:\WINDOWS\System32\sechost.dll
0x00007ff939ae0000 - 0x00007ff939bf8000 	C:\WINDOWS\System32\RPCRT4.dll
0x00007ff938e40000 - 0x00007ff938eb4000 	C:\WINDOWS\System32\WS2_32.dll
0x00007ff9375e0000 - 0x00007ff93763e000 	C:\WINDOWS\SYSTEM32\POWRPROF.dll
0x00007ff9305c0000 - 0x00007ff9305f5000 	C:\WINDOWS\SYSTEM32\WINMM.dll
0x00007ff930600000 - 0x00007ff93060b000 	C:\WINDOWS\SYSTEM32\VERSION.dll
0x00007ff9375c0000 - 0x00007ff9375d4000 	C:\WINDOWS\SYSTEM32\UMPDC.dll
0x00007ff936530000 - 0x00007ff93654b000 	C:\WINDOWS\SYSTEM32\kernel.appcore.dll
0x00007ff924610000 - 0x00007ff92461a000 	C:\Users\Hoang\.jdks\corretto-23.0.2\bin\jimage.dll
0x00007ff92a250000 - 0x00007ff92a491000 	C:\WINDOWS\SYSTEM32\DBGHELP.DLL
0x00007ff9383e0000 - 0x00007ff938766000 	C:\WINDOWS\System32\combase.dll
0x00007ff938770000 - 0x00007ff938850000 	C:\WINDOWS\System32\OLEAUT32.dll
0x00007ff9202d0000 - 0x00007ff920313000 	C:\WINDOWS\SYSTEM32\dbgcore.DLL
0x00007ff938340000 - 0x00007ff9383d9000 	C:\WINDOWS\System32\bcryptPrimitives.dll
0x00007ff92ffe0000 - 0x00007ff92ffee000 	C:\Users\Hoang\.jdks\corretto-23.0.2\bin\instrument.dll
0x00007ff914010000 - 0x00007ff91402e000 	C:\Users\Hoang\.jdks\corretto-23.0.2\bin\java.dll
0x00007ff938b90000 - 0x00007ff938d2e000 	C:\WINDOWS\System32\ole32.dll
0x00007ff939380000 - 0x00007ff939aca000 	C:\WINDOWS\System32\SHELL32.dll
0x00007ff937b40000 - 0x00007ff937cb4000 	C:\WINDOWS\System32\wintypes.dll

dbghelp: loaded successfully - version: 4.0.5 - missing functions: none
symbol engine: initialized successfully - sym options: 0x614 - pdb path: .;C:\Users\Hoang\.jdks\corretto-23.0.2\bin;C:\WINDOWS\SYSTEM32;C:\WINDOWS\WinSxS\amd64_microsoft.windows.common-controls_6595b64144ccf1df_6.0.26100.4484_none_3e0e6d4ce32ef3b3;C:\Users\Hoang\.jdks\corretto-23.0.2\bin\server

VM Arguments:
jvm_args: -XX:TieredStopAtLevel=1 -Dspring.output.ansi.enabled=always -Dcom.sun.management.jmxremote -Dspring.jmx.enabled=true -Dspring.liveBeansView.mbeanDomain -Dspring.application.admin.enabled=true -Dmanagement.endpoints.jmx.exposure.include=* -javaagent:D:\IntelliJ\IntelliJ IDEA 2025.1.2\lib\idea_rt.jar=57984 -Dfile.encoding=UTF-8 -Dsun.stdout.encoding=UTF-8 -Dsun.stderr.encoding=UTF-8 
java_command: iuh.fit.GiapVietHoang_22659371_SpringDataJDBC.GiapVietHoang22659371SpringDataJdbcApplication
java_class_path (initial): D:\MonWWW\GiapVietHoang_22659371_SpringDataJDBC\target\classes;C:\Users\Hoang\.m2\repository\org\springframework\boot\spring-boot-starter-data-jdbc\3.5.6\spring-boot-starter-data-jdbc-3.5.6.jar;C:\Users\Hoang\.m2\repository\org\springframework\boot\spring-boot-starter-jdbc\3.5.6\spring-boot-starter-jdbc-3.5.6.jar;C:\Users\Hoang\.m2\repository\com\zaxxer\HikariCP\6.3.3\HikariCP-6.3.3.jar;C:\Users\Hoang\.m2\repository\org\springframework\spring-jdbc\6.2.11\spring-jdbc-6.2.11.jar;C:\Users\Hoang\.m2\repository\org\springframework\data\spring-data-jdbc\3.5.4\spring-data-jdbc-3.5.4.jar;C:\Users\Hoang\.m2\repository\org\springframework\data\spring-data-relational\3.5.4\spring-data-relational-3.5.4.jar;C:\Users\Hoang\.m2\repository\org\springframework\data\spring-data-commons\3.5.4\spring-data-commons-3.5.4.jar;C:\Users\Hoang\.m2\repository\org\springframework\spring-tx\6.2.11\spring-tx-6.2.11.jar;C:\Users\Hoang\.m2\repository\org\springframework\spring-context\6.2.11\spring-context-6.2.11.jar;C:\Users\Hoang\.m2\repository\org\springframework\spring-beans\6.2.11\spring-beans-6.2.11.jar;C:\Users\Hoang\.m2\repository\org\slf4j\slf4j-api\2.0.17\slf4j-api-2.0.17.jar;C:\Users\Hoang\.m2\repository\org\springframework\boot\spring-boot-starter-web\3.5.6\spring-boot-starter-web-3.5.6.jar;C:\Users\Hoang\.m2\repository\org\springframework\boot\spring-boot-starter\3.5.6\spring-boot-starter-3.5.6.jar;C:\Users\Hoang\.m2\repository\org\springframework\boot\spring-boot\3.5.6\spring-boot-3.5.6.jar;C:\Users\Hoang\.m2\repository\org\springframework\boot\spring-boot-autoconfigure\3.5.6\spring-boot-autoconfigure-3.5.6.jar;C:\Users\Hoang\.m2\repository\org\springframework\boot\spring-boot-starter-logging\3.5.6\spring-boot-starter-logging-3.5.6.jar;C:\Users\Hoang\.m2\repository\ch\qos\logback\logback-classic\1.5.18\logback-classic-1.5.18.jar;C:\Users\Hoang\.m2\repository\ch\qos\logback\logback-core\1.5.18\logback-core-1.5.18.jar;C:\Users\Hoang\.m2\repository\org\apache\logging\log4j\log4j-to-slf4j\2.24.3\log4j-to-slf4j-2.24.3.jar;C:\Users\Hoang\.m2\repository\org\apache\logging\log4j\log4j-api\2.24.3\log4j-api-2.24.3.jar;C:\Users\Hoang\.m2\repository\org\slf4j\jul-to-slf4j\2.0.17\jul-to-slf4j-2.0.17.jar;C:\Users\Hoang\.m2\repository\jakarta\annotation\jakarta.annotation-api\2.1.1\jakarta.annotation-api-2.1.1.jar;C:\Users\Hoang\.m2\repository\org\yaml\snakeyaml\2.4\snakeyaml-2.4.jar;C:\Users\Hoang\.m2\repository\org\springframework\boot\spring-boot-starter-json\3.5.6\spring-boot-starter-json-3.5.6.jar;C:\Users\Hoang\.m2\repository\com\fasterxml\jackson\core\jackson-databind\2.19.2\jackson-databind-2.19.2.jar;C:\Users\Hoang\.m2\repository\com\fasterxml\jackson\core\jackson-annotations\2.19.2\jackson-annotations-2.19.2.jar;C:\Users\Hoang\.m2\repository\com\fasterxml\jackson\core\jackson-core\2.19.2\jackson-core-2.19.2.jar;C:\Users\Hoang\.m2\repository\com\fasterxml\jackson\datatype\jackson-datatype-jdk8\2.19.2\jackson-datatype-jdk8-2.19.2.jar;C:\Users\Hoang\.m2\repository\com\fasterxml\jackson\datatype\jackson-datatype-jsr310\2.19.2\jackson-datatype-jsr310-2.19.2.jar;C:\Users\Hoang\.m2\repository\com\fasterxml\jackson\module\jackson-module-parameter-names\2.19.2\jackson-module-parameter-names-2.19.2.jar;C:\Users\Hoang\.m2\repository\org\springframework\boot\spring-boot-starter-tomcat\3.5.6\spring-boot-starter-tomcat-3.5.6.jar;C:\Users\Hoang\.m2\repository\org\apache\tomcat\embed\tomcat-embed-core\10.1.46\tomcat-embed-core-10.1.46.jar;C:\Users\Hoang\.m2\repository\org\apache\tomcat\embed\tomcat-embed-el\10.1.46\tomcat-embed-el-10.1.46.jar;C:\Users\Hoang\.m2\repository\org\apache\tomcat\embed\tomcat-embed-websocket\10.1.46\tomcat-embed-websocket-10.1.46.jar;C:\Users\Hoang\.m2\repository\org\springframework\spring-web\6.2.11\spring-web-6.2.11.jar;C:\Users\Hoang\.m2\repository\io\micrometer\micrometer-observation\1.15.4\micrometer-observation-1.15.4.jar;C:\Users\Hoang\.m2\repository\io\micrometer\micrometer-commons\1.15.4\micrometer-commons-1.15.4.jar;C:\Users\Hoang\.m2\repository\org\springframework\spring-webmvc\6.2.11\spring-webmvc-6.2.11.jar;C:\Users\Hoang\.m2\repository\org\springframework\spring-aop\6.2.11\spring-aop-6.2.11.jar;C:\Users\Hoang\.m2\repository\org\springframework\spring-expression\6.2.11\spring-expression-6.2.11.jar;C:\Users\Hoang\.m2\repository\org\mariadb\jdbc\mariadb-java-client\3.5.6\mariadb-java-client-3.5.6.jar;C:\Users\Hoang\.m2\repository\org\projectlombok\lombok\1.18.40\lombok-1.18.40.jar;C:\Users\Hoang\.m2\repository\org\springframework\spring-core\6.2.11\spring-core-6.2.11.jar;C:\Users\Hoang\.m2\repository\org\springframework\spring-jcl\6.2.11\spring-jcl-6.2.11.jar
Launcher Type: SUN_STANDARD

[Global flags]
     intx CICompilerCount                          = 4                                         {product} {ergonomic}
     uint ConcGCThreads                            = 3                                         {product} {ergonomic}
     uint G1ConcRefinementThreads                  = 10                                        {product} {ergonomic}
   size_t G1HeapRegionSize                         = 2097152                                   {product} {ergonomic}
   size_t InitialHeapSize                          = 260046848                                 {product} {ergonomic}
     bool ManagementServer                         = true                                      {product} {command line}
   size_t MarkStackSize                            = 4194304                                   {product} {ergonomic}
   size_t MarkStackSizeMax                         = 536870912                                 {product} {ergonomic}
   size_t MaxHeapSize                              = 4131389440                                {product} {ergonomic}
   size_t MinHeapDeltaBytes                        = 2097152                                   {product} {ergonomic}
   size_t MinHeapSize                              = 8388608                                   {product} {ergonomic}
    uintx NonNMethodCodeHeapSize                   = 4096                                   {pd product} {ergonomic}
    uintx NonProfiledCodeHeapSize                  = 0                                      {pd product} {ergonomic}
     bool ProfileInterpreter                       = false                                  {pd product} {command line}
    uintx ProfiledCodeHeapSize                     = 0                                      {pd product} {ergonomic}
   size_t SoftMaxHeapSize                          = 4131389440                             {manageable} {ergonomic}
     intx TieredStopAtLevel                        = 1                                         {product} {command line}
     bool UseCompressedOops                        = true                           {product lp64_product} {ergonomic}
     bool UseG1GC                                  = true                                      {product} {ergonomic}
     bool UseLargePagesIndividualAllocation        = false                                  {pd product} {ergonomic}

Logging:
Log output configuration:
 #0: stdout all=warning uptime,level,tags foldmultilines=false
 #1: stderr all=off uptime,level,tags foldmultilines=false

Environment Variables:
JAVA_HOME=C:\Program Files\Java\jdk-19
PATH=D:\VMWare\bin\;d:\Cursor\cursor\resources\app\bin;C:\Program Files (x86)\Common Files\Oracle\Java\javapath;C:\Program Files\Common Files\Oracle\Java\javapath;C:\Windows\system32;C:\Windows;C:\Windows\System32\Wbem;C:\Windows\System32\WindowsPowerShell\v1.0\;C:\Windows\System32\OpenSSH\;C:\MinGW\bin;C:\Program Files\Java\jdk-19\bin;C:\Program Files\dotnet\;C:\Program Files (x86)\Microsoft SQL Server\160\Tools\Binn\;C:\Program Files\Microsoft SQL Server\160\Tools\Binn\;C:\Program Files\Microsoft SQL Server\Client SDK\ODBC\170\Tools\Binn\;C:\Program Files\Microsoft SQL Server\160\DTS\Binn\;C:\Program Files\Azure Data Studio\bin;C:\Program Files\mongosh-1.10.6-win32-x64\bin;C:\Program Files\mongosh-1.10.6-win32-x64\mongosh-1.10.6-win32-x64\bin;C:\Program Files\MongoDB\Server\7.0\bin;C:\Program Files\MongoDB\Tools\100\bin;C:\Program Files\Git\cmd;C:\Program Files (x86)\Microsoft SQL Server\160\DTS\Binn\;C:\scrpy;C:\Program Files\Java\jdk-20\bin;C:\Program Files\Java\apache-maven-3.9.8\bin;C:\Program File;C:\Program Files\Cloudflare\Cloudflare WARP\;C:\WINDOWS\system32;C:\WINDOWS;C:\WINDOWS\System32\Wbem;C:\WINDOWS\System32\WindowsPowerShell\v1.0\;C:\WINDOWS\System32\OpenSSH\;C:\Program Files\Docker\Docker\resources\bin;C:\Program Files\nodejs\;C:\Program Files\Redis\;C:\Users\Hoang\AppData\Local\Programs\Eclipse Adoptium\jdk-11.0.27.6-hotspot\bin;C:\Users\Hoang\AppData\Local\Programs\Python\Launcher\;C:\Users\Hoang\AppData\Local\Microsoft\WindowsApps;C:\mingw64\bin;C:\Users\Hoang\.dotnet\tools;C:\Program Files\Azure Data Studio\bin;C:\Program Files\JetBrains\IntelliJ IDEA 2021.1.3\bin;C:\Program Files\mongosh\;C:\Program Files (x86)\MongoDB Atlas CLI\;D:\IntelliJ\IntelliJ IDEA 2025.1.2\bin;;D:\Windsurf\bin;D:\Cursor\cursor\resources\app\bin;C:\Users\Hoang\AppData\Local\Microsoft\WindowsApps;C:\Users\Hoang\AppData\Roaming\npm;C:\Users\Hoang\.dotnet\tools
USERNAME=Hoang
OS=Windows_NT
PROCESSOR_IDENTIFIER=AMD64 Family 25 Model 80 Stepping 0, AuthenticAMD
TMP=C:\Users\Hoang\AppData\Local\Temp
TEMP=C:\Users\Hoang\AppData\Local\Temp




Periodic native trim disabled

---------------  S Y S T E M  ---------------

OS:
 Windows 11 , 64 bit Build 26100 (10.0.26100.4484)
OS uptime: 0 days 3:18 hours
Hyper-V role detected

CPU: total 12 (initial active 12) (12 cores per cpu, 2 threads per core) family 25 model 80 stepping 0 microcode 0xa50000c, cx8, cmov, fxsr, ht, mmx, 3dnowpref, sse, sse2, sse3, ssse3, sse4a, sse4.1, sse4.2, popcnt, lzcnt, tsc, tscinvbit, avx, avx2, aes, erms, clmul, bmi1, bmi2, adx, sha, fma, vzeroupper, clflush, clflushopt, hv, rdtscp, rdpid, fsrm, f16c, cet_ss
Processor Information for the first 12 processors :
  Max Mhz: 3301, Current Mhz: 3301, Mhz Limit: 3301

Memory: 4k page, system-wide physical 15754M (1754M free)
TotalPageFile size 27477M (AvailPageFile size 103M)
current process WorkingSet (physical memory assigned to process): 14M, peak: 14M
current process commit charge ("private bytes"): 60M, peak: 308M

vm_info: OpenJDK 64-Bit Server VM (23.0.2+7-FR) for windows-amd64 JRE (23.0.2+7-FR), built on 2025-01-07T22:59:58Z with MS VC++ 16.10 / 16.11 (VS2019)

END.
